<?xml version="1.0" encoding="UTF-8"?>
<!-- Generated by org.testng.reporters.JUnitReportReporter -->
<testsuite hostname="DESKTOP-1JPHNK3" failures="0" tests="3" name="testcases.com.test.qa.LoginPageTest" time="23.988" errors="0" timestamp="2023-04-23T23:34:18 IST" skipped="0">
  <testcase classname="testcases.com.test.qa.LoginPageTest" name="verifyLoginFunctionalityWithInvalidCredentials" time="9.200"/>
  <system-out/>
  <testcase classname="testcases.com.test.qa.LoginPageTest" name="verifyLoginFunctionalityWithValidCredentials" time="7.745"/>
  <system-out/>
  <testcase classname="testcases.com.test.qa.LoginPageTest" name="verifyLoginFunctionalityWithBlankFields" time="7.043"/>
  <system-out/>
</testsuite> <!-- testcases.com.test.qa.LoginPageTest -->
